Using pre-set license
Built from '2020.3/staging' branch; Version is '2020.3.26f1 (7298b473bc1a) revision 7510196'; Using compiler version '192528614'; Build Type 'Release'
OS: 'Windows 10  (10.0.19044) 64bit Core' Language: 'en' Physical Memory: 16204 MB
BatchMode: 1, IsHumanControllingUs: 0, StartBugReporterOnCrash: 0, Is64bit: 1, IsPro: 0

COMMAND LINE ARGUMENTS:
C:\Program Files\Unity\Hub\Editor\2020.3.26f1\Editor\Unity.exe
-adb2
-batchMode
-noUpm
-name
AssetImportWorker1
-projectPath
F:/School files/SIM 150/Game 2- Cubethon/CubethonProd/Cubethon
-logFile
Logs/AssetImportWorker1.log
-srvPort
64127
Successfully changed project path to: F:/School files/SIM 150/Game 2- Cubethon/CubethonProd/Cubethon
F:/School files/SIM 150/Game 2- Cubethon/CubethonProd/Cubethon
Using Asset Import Pipeline V2.
Refreshing native plugins compatible for Editor in 29.56 ms, found 2 plugins.
Preloading 0 native plugins for Editor in 0.00 ms.
Initialize engine version: 2020.3.26f1 (7298b473bc1a)
[Subsystems] Discovering subsystems at path C:/Program Files/Unity/Hub/Editor/2020.3.26f1/Editor/Data/Resources/UnitySubsystems
[Subsystems] Discovering subsystems at path F:/School files/SIM 150/Game 2- Cubethon/CubethonProd/Cubethon/Assets
GfxDevice: creating device client; threaded=0
Direct3D:
    Version:  Direct3D 11.0 [level 11.1]
    Renderer: NVIDIA GeForce RTX 2070 (ID=0x1f14)
    Vendor:   
    VRAM:     8031 MB
    Driver:   30.0.14.9729
Initialize mono
Mono path[0] = 'C:/Program Files/Unity/Hub/Editor/2020.3.26f1/Editor/Data/Managed'
Mono path[1] = 'C:/Program Files/Unity/Hub/Editor/2020.3.26f1/Editor/Data/MonoBleedingEdge/lib/mono/unityjit'
Mono config path = 'C:/Program Files/Unity/Hub/Editor/2020.3.26f1/Editor/Data/MonoBleedingEdge/etc'
Using monoOptions --debugger-agent=transport=dt_socket,embedding=1,server=y,suspend=n,address=127.0.0.1:56540
Begin MonoManager ReloadAssembly
Registering precompiled unity dll's ...
Register platform support module: C:/Program Files/Unity/Hub/Editor/2020.3.26f1/Editor/Data/PlaybackEngines/WebGLSupport/UnityEditor.WebGL.Extensions.dll
Register platform support module: C:/Program Files/Unity/Hub/Editor/2020.3.26f1/Editor/Data/PlaybackEngines/WindowsStandaloneSupport/UnityEditor.WindowsStandalone.Extensions.dll
Registered in 0.002413 seconds.
Native extension for WindowsStandalone target not found
Native extension for WebGL target not found
Refreshing native plugins compatible for Editor in 27.72 ms, found 2 plugins.
Preloading 0 native plugins for Editor in 0.00 ms.
Mono: successfully reloaded assembly
- Completed reload, in  0.488 seconds
Domain Reload Profiling:
	ReloadAssembly (488ms)
		BeginReloadAssembly (47ms)
			ExecutionOrderSort (0ms)
			DisableScriptedObjects (0ms)
			BackupInstance (0ms)
			ReleaseScriptingObjects (0ms)
			CreateAndSetChildDomain (1ms)
		EndReloadAssembly (378ms)
			LoadAssemblies (44ms)
			RebuildTransferFunctionScriptingTraits (0ms)
			SetupTypeCache (131ms)
			ReleaseScriptCaches (0ms)
			RebuildScriptCaches (26ms)
			SetupLoadedEditorAssemblies (135ms)
				LogAssemblyErrors (0ms)
				InitializePlatformSupportModulesInManaged (6ms)
				SetLoadedEditorAssemblies (0ms)
				RefreshPlugins (28ms)
				BeforeProcessingInitializeOnLoad (13ms)
				ProcessInitializeOnLoadAttributes (64ms)
				ProcessInitializeOnLoadMethodAttributes (24ms)
				AfterProcessingInitializeOnLoad (0ms)
				EditorAssembliesLoaded (0ms)
			ExecutionOrderSort2 (0ms)
			AwakeInstancesAfterBackupRestoration (0ms)
Platform modules already initialized, skipping
Registering precompiled user dll's ...
Registered in 0.003467 seconds.
Begin MonoManager ReloadAssembly
Native extension for WindowsStandalone target not found
Native extension for WebGL target not found
Refreshing native plugins compatible for Editor in 0.32 ms, found 2 plugins.
Preloading 0 native plugins for Editor in 0.00 ms.
Mono: successfully reloaded assembly
- Completed reload, in  0.839 seconds
Domain Reload Profiling:
	ReloadAssembly (839ms)
		BeginReloadAssembly (119ms)
			ExecutionOrderSort (0ms)
			DisableScriptedObjects (4ms)
			BackupInstance (0ms)
			ReleaseScriptingObjects (0ms)
			CreateAndSetChildDomain (17ms)
		EndReloadAssembly (669ms)
			LoadAssemblies (68ms)
			RebuildTransferFunctionScriptingTraits (0ms)
			SetupTypeCache (237ms)
			ReleaseScriptCaches (0ms)
			RebuildScriptCaches (36ms)
			SetupLoadedEditorAssemblies (249ms)
				LogAssemblyErrors (0ms)
				InitializePlatformSupportModulesInManaged (5ms)
				SetLoadedEditorAssemblies (1ms)
				RefreshPlugins (0ms)
				BeforeProcessingInitializeOnLoad (67ms)
				ProcessInitializeOnLoadAttributes (164ms)
				ProcessInitializeOnLoadMethodAttributes (6ms)
				AfterProcessingInitializeOnLoad (7ms)
				EditorAssembliesLoaded (0ms)
			ExecutionOrderSort2 (0ms)
			AwakeInstancesAfterBackupRestoration (5ms)
Platform modules already initialized, skipping
========================================================================
Worker process is ready to serve import requests
Launched and connected shader compiler UnityShaderCompiler.exe after 0.05 seconds
Refreshing native plugins compatible for Editor in 0.32 ms, found 2 plugins.
Preloading 0 native plugins for Editor in 0.00 ms.
Unloading 1634 Unused Serialized files (Serialized files now loaded: 0)
System memory in use before: 78.0 MB.
System memory in use after: 78.1 MB.

Unloading 19 unused Assets to reduce memory usage. Loaded Objects now: 2069.
Total: 2.268100 ms (FindLiveObjects: 0.133200 ms CreateObjectMapping: 0.067400 ms MarkObjects: 2.012900 ms  DeleteObjects: 0.053500 ms)

AssetImportParameters requested are different than current active one (requested -> active):
  custom:framework-win-MediaFoundation: 216162199b28c13a410421893ffa2e32 -> 
  custom:video-decoder-ogg-theora: a1e56fd34408186e4bbccfd4996cb3dc -> 
  custom:container-muxer-webm: aa71ff27fc2769a1b78a27578f13a17b -> 
  custom:container-demuxer-webm: 4f35f7cbe854078d1ac9338744f61a02 -> 
  custom:container-demuxer-ogg: 62fdf1f143b41e24485cea50d1cbac27 -> 
  custom:video-encoder-webm-vp8: eb34c28f22e8b96e1ab97ce403110664 -> 
  custom:video-decoder-webm-vp8: 9c59270c3fd7afecdb556c50c9e8de78 -> 
  custom:audio-decoder-ogg-vorbis: bf7c407c2cedff20999df2af8eb42d56 -> 
  custom:audio-encoder-webm-vorbis: bf7c407c2cedff20999df2af8eb42d56 -> 
========================================================================
Received Import Request.
  path: Assets/Scenes/Level 2.unity
  artifactKey: Guid(754391b1bc7be234e8dd8d4f9322e0a9) Importer(815301076,1909f56bfc062723c751e8b465ee728b)
Start importing Assets/Scenes/Level 2.unity using Guid(754391b1bc7be234e8dd8d4f9322e0a9) Importer(815301076,1909f56bfc062723c751e8b465ee728b)  -> (artifact id: '008aa66c94ea58d873125e251b9de9f8') in 0.013235 seconds 
  Import took 0.015504 seconds .

========================================================================
Received Import Request.
  Time since last request: 0.181271 seconds.
  path: Assets/Scenes/Level 3.unity
  artifactKey: Guid(d728e8e4df589344aad8628ab947d6a6) Importer(815301076,1909f56bfc062723c751e8b465ee728b)
Start importing Assets/Scenes/Level 3.unity using Guid(d728e8e4df589344aad8628ab947d6a6) Importer(815301076,1909f56bfc062723c751e8b465ee728b)  -> (artifact id: 'ed0705180c94f3eaafdd833fc847e698') in 0.003708 seconds 
  Import took 0.006365 seconds .

========================================================================
Received Prepare
Registering precompiled user dll's ...
Registered in 0.003070 seconds.
Begin MonoManager ReloadAssembly
Native extension for WindowsStandalone target not found
Native extension for WebGL target not found
Refreshing native plugins compatible for Editor in 0.37 ms, found 2 plugins.
Preloading 0 native plugins for Editor in 0.00 ms.
Mono: successfully reloaded assembly
- Completed reload, in  0.820 seconds
Domain Reload Profiling:
	ReloadAssembly (820ms)
		BeginReloadAssembly (98ms)
			ExecutionOrderSort (0ms)
			DisableScriptedObjects (4ms)
			BackupInstance (0ms)
			ReleaseScriptingObjects (0ms)
			CreateAndSetChildDomain (28ms)
		EndReloadAssembly (666ms)
			LoadAssemblies (75ms)
			RebuildTransferFunctionScriptingTraits (0ms)
			SetupTypeCache (242ms)
			ReleaseScriptCaches (1ms)
			RebuildScriptCaches (31ms)
			SetupLoadedEditorAssemblies (240ms)
				LogAssemblyErrors (0ms)
				InitializePlatformSupportModulesInManaged (5ms)
				SetLoadedEditorAssemblies (0ms)
				RefreshPlugins (0ms)
				BeforeProcessingInitializeOnLoad (64ms)
				ProcessInitializeOnLoadAttributes (157ms)
				ProcessInitializeOnLoadMethodAttributes (6ms)
				AfterProcessingInitializeOnLoad (7ms)
				EditorAssembliesLoaded (0ms)
			ExecutionOrderSort2 (0ms)
			AwakeInstancesAfterBackupRestoration (5ms)
Platform modules already initialized, skipping
Refreshing native plugins compatible for Editor in 0.33 ms, found 2 plugins.
Preloading 0 native plugins for Editor in 0.00 ms.
Unloading 1601 Unused Serialized files (Serialized files now loaded: 0)
System memory in use before: 75.2 MB.
System memory in use after: 75.3 MB.

Unloading 14 unused Assets to reduce memory usage. Loaded Objects now: 2071.
Total: 2.496700 ms (FindLiveObjects: 0.118800 ms CreateObjectMapping: 0.047100 ms MarkObjects: 2.311900 ms  DeleteObjects: 0.018200 ms)

AssetImportParameters requested are different than current active one (requested -> active):
  custom:framework-win-MediaFoundation: 216162199b28c13a410421893ffa2e32 -> 
  custom:video-decoder-ogg-theora: a1e56fd34408186e4bbccfd4996cb3dc -> 
  custom:container-muxer-webm: aa71ff27fc2769a1b78a27578f13a17b -> 
  custom:container-demuxer-webm: 4f35f7cbe854078d1ac9338744f61a02 -> 
  custom:container-demuxer-ogg: 62fdf1f143b41e24485cea50d1cbac27 -> 
  custom:video-encoder-webm-vp8: eb34c28f22e8b96e1ab97ce403110664 -> 
  custom:video-decoder-webm-vp8: 9c59270c3fd7afecdb556c50c9e8de78 -> 
  custom:audio-decoder-ogg-vorbis: bf7c407c2cedff20999df2af8eb42d56 -> 
  custom:audio-encoder-webm-vorbis: bf7c407c2cedff20999df2af8eb42d56 -> 
========================================================================
Received Prepare
Registering precompiled user dll's ...
Registered in 0.004103 seconds.
Begin MonoManager ReloadAssembly
Native extension for WindowsStandalone target not found
Native extension for WebGL target not found
Refreshing native plugins compatible for Editor in 0.35 ms, found 2 plugins.
Preloading 0 native plugins for Editor in 0.00 ms.
Mono: successfully reloaded assembly
- Completed reload, in  0.872 seconds
Domain Reload Profiling:
	ReloadAssembly (873ms)
		BeginReloadAssembly (101ms)
			ExecutionOrderSort (0ms)
			DisableScriptedObjects (4ms)
			BackupInstance (0ms)
			ReleaseScriptingObjects (0ms)
			CreateAndSetChildDomain (28ms)
		EndReloadAssembly (714ms)
			LoadAssemblies (76ms)
			RebuildTransferFunctionScriptingTraits (0ms)
			SetupTypeCache (258ms)
			ReleaseScriptCaches (1ms)
			RebuildScriptCaches (32ms)
			SetupLoadedEditorAssemblies (261ms)
				LogAssemblyErrors (0ms)
				InitializePlatformSupportModulesInManaged (5ms)
				SetLoadedEditorAssemblies (0ms)
				RefreshPlugins (0ms)
				BeforeProcessingInitializeOnLoad (69ms)
				ProcessInitializeOnLoadAttributes (170ms)
				ProcessInitializeOnLoadMethodAttributes (7ms)
				AfterProcessingInitializeOnLoad (8ms)
				EditorAssembliesLoaded (0ms)
			ExecutionOrderSort2 (0ms)
			AwakeInstancesAfterBackupRestoration (7ms)
Platform modules already initialized, skipping
Refreshing native plugins compatible for Editor in 0.62 ms, found 2 plugins.
Preloading 0 native plugins for Editor in 0.00 ms.
Unloading 1601 Unused Serialized files (Serialized files now loaded: 0)
System memory in use before: 75.2 MB.
System memory in use after: 75.3 MB.

Unloading 14 unused Assets to reduce memory usage. Loaded Objects now: 2073.
Total: 3.087100 ms (FindLiveObjects: 0.183600 ms CreateObjectMapping: 0.071500 ms MarkObjects: 2.806200 ms  DeleteObjects: 0.024300 ms)

AssetImportParameters requested are different than current active one (requested -> active):
  custom:framework-win-MediaFoundation: 216162199b28c13a410421893ffa2e32 -> 
  custom:video-decoder-ogg-theora: a1e56fd34408186e4bbccfd4996cb3dc -> 
  custom:container-muxer-webm: aa71ff27fc2769a1b78a27578f13a17b -> 
  custom:container-demuxer-webm: 4f35f7cbe854078d1ac9338744f61a02 -> 
  custom:container-demuxer-ogg: 62fdf1f143b41e24485cea50d1cbac27 -> 
  custom:video-encoder-webm-vp8: eb34c28f22e8b96e1ab97ce403110664 -> 
  custom:video-decoder-webm-vp8: 9c59270c3fd7afecdb556c50c9e8de78 -> 
  custom:audio-decoder-ogg-vorbis: bf7c407c2cedff20999df2af8eb42d56 -> 
  custom:audio-encoder-webm-vorbis: bf7c407c2cedff20999df2af8eb42d56 -> 
========================================================================
Received Prepare
Registering precompiled user dll's ...
Registered in 0.003082 seconds.
Begin MonoManager ReloadAssembly
Native extension for WindowsStandalone target not found
Native extension for WebGL target not found
Refreshing native plugins compatible for Editor in 0.34 ms, found 2 plugins.
Preloading 0 native plugins for Editor in 0.00 ms.
Mono: successfully reloaded assembly
- Completed reload, in  0.817 seconds
Domain Reload Profiling:
	ReloadAssembly (817ms)
		BeginReloadAssembly (92ms)
			ExecutionOrderSort (0ms)
			DisableScriptedObjects (4ms)
			BackupInstance (0ms)
			ReleaseScriptingObjects (0ms)
			CreateAndSetChildDomain (24ms)
		EndReloadAssembly (667ms)
			LoadAssemblies (72ms)
			RebuildTransferFunctionScriptingTraits (0ms)
			SetupTypeCache (243ms)
			ReleaseScriptCaches (1ms)
			RebuildScriptCaches (32ms)
			SetupLoadedEditorAssemblies (237ms)
				LogAssemblyErrors (0ms)
				InitializePlatformSupportModulesInManaged (5ms)
				SetLoadedEditorAssemblies (0ms)
				RefreshPlugins (0ms)
				BeforeProcessingInitializeOnLoad (60ms)
				ProcessInitializeOnLoadAttributes (157ms)
				ProcessInitializeOnLoadMethodAttributes (6ms)
				AfterProcessingInitializeOnLoad (7ms)
				EditorAssembliesLoaded (0ms)
			ExecutionOrderSort2 (0ms)
			AwakeInstancesAfterBackupRestoration (6ms)
Platform modules already initialized, skipping
Refreshing native plugins compatible for Editor in 0.39 ms, found 2 plugins.
Preloading 0 native plugins for Editor in 0.00 ms.
Unloading 1601 Unused Serialized files (Serialized files now loaded: 0)
System memory in use before: 75.3 MB.
System memory in use after: 75.4 MB.

Unloading 14 unused Assets to reduce memory usage. Loaded Objects now: 2075.
Total: 2.253800 ms (FindLiveObjects: 0.144800 ms CreateObjectMapping: 0.055100 ms MarkObjects: 2.040900 ms  DeleteObjects: 0.012000 ms)

AssetImportParameters requested are different than current active one (requested -> active):
  custom:framework-win-MediaFoundation: 216162199b28c13a410421893ffa2e32 -> 
  custom:video-decoder-ogg-theora: a1e56fd34408186e4bbccfd4996cb3dc -> 
  custom:container-muxer-webm: aa71ff27fc2769a1b78a27578f13a17b -> 
  custom:container-demuxer-webm: 4f35f7cbe854078d1ac9338744f61a02 -> 
  custom:container-demuxer-ogg: 62fdf1f143b41e24485cea50d1cbac27 -> 
  custom:video-encoder-webm-vp8: eb34c28f22e8b96e1ab97ce403110664 -> 
  custom:video-decoder-webm-vp8: 9c59270c3fd7afecdb556c50c9e8de78 -> 
  custom:audio-decoder-ogg-vorbis: bf7c407c2cedff20999df2af8eb42d56 -> 
  custom:audio-encoder-webm-vorbis: bf7c407c2cedff20999df2af8eb42d56 -> 
========================================================================
Received Prepare
Registering precompiled user dll's ...
Registered in 0.004496 seconds.
Begin MonoManager ReloadAssembly
Native extension for WindowsStandalone target not found
Native extension for WebGL target not found
Refreshing native plugins compatible for Editor in 0.42 ms, found 2 plugins.
Preloading 0 native plugins for Editor in 0.00 ms.
Mono: successfully reloaded assembly
- Completed reload, in  0.928 seconds
Domain Reload Profiling:
	ReloadAssembly (928ms)
		BeginReloadAssembly (106ms)
			ExecutionOrderSort (0ms)
			DisableScriptedObjects (4ms)
			BackupInstance (0ms)
			ReleaseScriptingObjects (0ms)
			CreateAndSetChildDomain (31ms)
		EndReloadAssembly (756ms)
			LoadAssemblies (85ms)
			RebuildTransferFunctionScriptingTraits (0ms)
			SetupTypeCache (273ms)
			ReleaseScriptCaches (1ms)
			RebuildScriptCaches (38ms)
			SetupLoadedEditorAssemblies (272ms)
				LogAssemblyErrors (0ms)
				InitializePlatformSupportModulesInManaged (5ms)
				SetLoadedEditorAssemblies (0ms)
				RefreshPlugins (1ms)
				BeforeProcessingInitializeOnLoad (73ms)
				ProcessInitializeOnLoadAttributes (178ms)
				ProcessInitializeOnLoadMethodAttributes (7ms)
				AfterProcessingInitializeOnLoad (8ms)
				EditorAssembliesLoaded (0ms)
			ExecutionOrderSort2 (0ms)
			AwakeInstancesAfterBackupRestoration (7ms)
Platform modules already initialized, skipping
Refreshing native plugins compatible for Editor in 0.41 ms, found 2 plugins.
Preloading 0 native plugins for Editor in 0.00 ms.
Unloading 1601 Unused Serialized files (Serialized files now loaded: 0)
System memory in use before: 75.3 MB.
System memory in use after: 75.4 MB.

Unloading 14 unused Assets to reduce memory usage. Loaded Objects now: 2077.
Total: 2.707900 ms (FindLiveObjects: 0.144400 ms CreateObjectMapping: 0.062600 ms MarkObjects: 2.483900 ms  DeleteObjects: 0.015900 ms)

AssetImportParameters requested are different than current active one (requested -> active):
  custom:framework-win-MediaFoundation: 216162199b28c13a410421893ffa2e32 -> 
  custom:video-decoder-ogg-theora: a1e56fd34408186e4bbccfd4996cb3dc -> 
  custom:container-muxer-webm: aa71ff27fc2769a1b78a27578f13a17b -> 
  custom:container-demuxer-webm: 4f35f7cbe854078d1ac9338744f61a02 -> 
  custom:container-demuxer-ogg: 62fdf1f143b41e24485cea50d1cbac27 -> 
  custom:video-encoder-webm-vp8: eb34c28f22e8b96e1ab97ce403110664 -> 
  custom:video-decoder-webm-vp8: 9c59270c3fd7afecdb556c50c9e8de78 -> 
  custom:audio-decoder-ogg-vorbis: bf7c407c2cedff20999df2af8eb42d56 -> 
  custom:audio-encoder-webm-vorbis: bf7c407c2cedff20999df2af8eb42d56 -> 
========================================================================
Received Prepare
Registering precompiled user dll's ...
Registered in 0.003064 seconds.
Begin MonoManager ReloadAssembly
Native extension for WindowsStandalone target not found
Native extension for WebGL target not found
Refreshing native plugins compatible for Editor in 0.39 ms, found 2 plugins.
Preloading 0 native plugins for Editor in 0.00 ms.
Mono: successfully reloaded assembly
- Completed reload, in  0.851 seconds
Domain Reload Profiling:
	ReloadAssembly (851ms)
		BeginReloadAssembly (103ms)
			ExecutionOrderSort (0ms)
			DisableScriptedObjects (4ms)
			BackupInstance (0ms)
			ReleaseScriptingObjects (0ms)
			CreateAndSetChildDomain (26ms)
		EndReloadAssembly (688ms)
			LoadAssemblies (74ms)
			RebuildTransferFunctionScriptingTraits (0ms)
			SetupTypeCache (248ms)
			ReleaseScriptCaches (1ms)
			RebuildScriptCaches (33ms)
			SetupLoadedEditorAssemblies (249ms)
				LogAssemblyErrors (0ms)
				InitializePlatformSupportModulesInManaged (5ms)
				SetLoadedEditorAssemblies (0ms)
				RefreshPlugins (0ms)
				BeforeProcessingInitializeOnLoad (67ms)
				ProcessInitializeOnLoadAttributes (162ms)
				ProcessInitializeOnLoadMethodAttributes (6ms)
				AfterProcessingInitializeOnLoad (7ms)
				EditorAssembliesLoaded (0ms)
			ExecutionOrderSort2 (0ms)
			AwakeInstancesAfterBackupRestoration (7ms)
Platform modules already initialized, skipping
Refreshing native plugins compatible for Editor in 0.34 ms, found 2 plugins.
Preloading 0 native plugins for Editor in 0.00 ms.
Unloading 1601 Unused Serialized files (Serialized files now loaded: 0)
System memory in use before: 75.3 MB.
System memory in use after: 75.4 MB.

Unloading 14 unused Assets to reduce memory usage. Loaded Objects now: 2079.
Total: 2.087000 ms (FindLiveObjects: 0.115700 ms CreateObjectMapping: 0.048000 ms MarkObjects: 1.908400 ms  DeleteObjects: 0.013900 ms)

AssetImportParameters requested are different than current active one (requested -> active):
  custom:framework-win-MediaFoundation: 216162199b28c13a410421893ffa2e32 -> 
  custom:video-decoder-ogg-theora: a1e56fd34408186e4bbccfd4996cb3dc -> 
  custom:container-muxer-webm: aa71ff27fc2769a1b78a27578f13a17b -> 
  custom:container-demuxer-webm: 4f35f7cbe854078d1ac9338744f61a02 -> 
  custom:container-demuxer-ogg: 62fdf1f143b41e24485cea50d1cbac27 -> 
  custom:video-encoder-webm-vp8: eb34c28f22e8b96e1ab97ce403110664 -> 
  custom:video-decoder-webm-vp8: 9c59270c3fd7afecdb556c50c9e8de78 -> 
  custom:audio-decoder-ogg-vorbis: bf7c407c2cedff20999df2af8eb42d56 -> 
  custom:audio-encoder-webm-vorbis: bf7c407c2cedff20999df2af8eb42d56 -> 
========================================================================
Received Import Request.
  Time since last request: 1351.128257 seconds.
  path: Assets/Scenes/Level 2.unity
  artifactKey: Guid(754391b1bc7be234e8dd8d4f9322e0a9) Importer(815301076,1909f56bfc062723c751e8b465ee728b)
Start importing Assets/Scenes/Level 2.unity using Guid(754391b1bc7be234e8dd8d4f9322e0a9) Importer(815301076,1909f56bfc062723c751e8b465ee728b)  -> (artifact id: '33f43ecb7f72ad2a6067a5098b868271') in 0.033608 seconds 
  Import took 0.036156 seconds .

========================================================================
Received Import Request.
  Time since last request: 3.833228 seconds.
  path: Assets/Scenes/Level 3.unity
  artifactKey: Guid(d728e8e4df589344aad8628ab947d6a6) Importer(815301076,1909f56bfc062723c751e8b465ee728b)
Start importing Assets/Scenes/Level 3.unity using Guid(d728e8e4df589344aad8628ab947d6a6) Importer(815301076,1909f56bfc062723c751e8b465ee728b)  -> (artifact id: '6720e177fea5c3ee271599758f69b38e') in 0.004916 seconds 
  Import took 0.007507 seconds .

========================================================================
Received Import Request.
  Time since last request: 14.614513 seconds.
  path: Assets/PostProcessing/Level 2.asset
  artifactKey: Guid(530dd8d586bfa13458afbeac97fae9b4) Importer(815301076,1909f56bfc062723c751e8b465ee728b)
Start importing Assets/PostProcessing/Level 2.asset using Guid(530dd8d586bfa13458afbeac97fae9b4) Importer(815301076,1909f56bfc062723c751e8b465ee728b)  -> (artifact id: '4cb3c8201f26e56f75af68e4b8edc12f') in 0.032094 seconds 
  Import took 0.034539 seconds .

========================================================================
Received Import Request.
  Time since last request: 14.143390 seconds.
  path: Assets/PostProcessing/Level 3.asset
  artifactKey: Guid(fd0b7861d20d71743999a40fdeac2433) Importer(815301076,1909f56bfc062723c751e8b465ee728b)
Start importing Assets/PostProcessing/Level 3.asset using Guid(fd0b7861d20d71743999a40fdeac2433) Importer(815301076,1909f56bfc062723c751e8b465ee728b)  -> (artifact id: 'ed6b799bc8599ab4ee4b908925c4eaf6') in 0.004179 seconds 
  Import took 0.006459 seconds .

========================================================================
Received Import Request.
  Time since last request: 3.401922 seconds.
  path: Assets/PostProcessing/Level 3.asset
  artifactKey: Guid(fd0b7861d20d71743999a40fdeac2433) Importer(815301076,1909f56bfc062723c751e8b465ee728b)
Start importing Assets/PostProcessing/Level 3.asset using Guid(fd0b7861d20d71743999a40fdeac2433) Importer(815301076,1909f56bfc062723c751e8b465ee728b)  -> (artifact id: '75ee5c9e727df27af6b5f81c660d036e') in 0.004090 seconds 
  Import took 0.006503 seconds .

========================================================================
Received Import Request.
  Time since last request: 2.886431 seconds.
  path: Assets/PostProcessing/Level 3.asset
  artifactKey: Guid(fd0b7861d20d71743999a40fdeac2433) Importer(815301076,1909f56bfc062723c751e8b465ee728b)
Start importing Assets/PostProcessing/Level 3.asset using Guid(fd0b7861d20d71743999a40fdeac2433) Importer(815301076,1909f56bfc062723c751e8b465ee728b)  -> (artifact id: '964d79395657f0976690f1e6f4c33ac4') in 0.004087 seconds 
  Import took 0.006804 seconds .

========================================================================
Received Import Request.
  Time since last request: 3.587143 seconds.
  path: Assets/PostProcessing/Level 3.asset
  artifactKey: Guid(fd0b7861d20d71743999a40fdeac2433) Importer(815301076,1909f56bfc062723c751e8b465ee728b)
Start importing Assets/PostProcessing/Level 3.asset using Guid(fd0b7861d20d71743999a40fdeac2433) Importer(815301076,1909f56bfc062723c751e8b465ee728b)  -> (artifact id: '5e74c3a8a47cdec30c625f859153e56c') in 0.021641 seconds 
  Import took 0.024398 seconds .

========================================================================
Received Prepare
Registering precompiled user dll's ...
Registered in 0.003152 seconds.
Begin MonoManager ReloadAssembly
Native extension for WindowsStandalone target not found
Native extension for WebGL target not found
Refreshing native plugins compatible for Editor in 0.60 ms, found 2 plugins.
Preloading 0 native plugins for Editor in 0.00 ms.
Mono: successfully reloaded assembly
- Completed reload, in  0.832 seconds
Domain Reload Profiling:
	ReloadAssembly (833ms)
		BeginReloadAssembly (104ms)
			ExecutionOrderSort (0ms)
			DisableScriptedObjects (4ms)
			BackupInstance (0ms)
			ReleaseScriptingObjects (0ms)
			CreateAndSetChildDomain (26ms)
		EndReloadAssembly (675ms)
			LoadAssemblies (77ms)
			RebuildTransferFunctionScriptingTraits (0ms)
			SetupTypeCache (240ms)
			ReleaseScriptCaches (1ms)
			RebuildScriptCaches (32ms)
			SetupLoadedEditorAssemblies (249ms)
				LogAssemblyErrors (0ms)
				InitializePlatformSupportModulesInManaged (5ms)
				SetLoadedEditorAssemblies (0ms)
				RefreshPlugins (1ms)
				BeforeProcessingInitializeOnLoad (68ms)
				ProcessInitializeOnLoadAttributes (161ms)
				ProcessInitializeOnLoadMethodAttributes (6ms)
				AfterProcessingInitializeOnLoad (7ms)
				EditorAssembliesLoaded (0ms)
			ExecutionOrderSort2 (0ms)
			AwakeInstancesAfterBackupRestoration (6ms)
Platform modules already initialized, skipping
Refreshing native plugins compatible for Editor in 0.47 ms, found 2 plugins.
Preloading 0 native plugins for Editor in 0.00 ms.
Unloading 1601 Unused Serialized files (Serialized files now loaded: 0)
System memory in use before: 75.3 MB.
System memory in use after: 75.4 MB.

Unloading 14 unused Assets to reduce memory usage. Loaded Objects now: 2081.
Total: 3.083800 ms (FindLiveObjects: 0.129100 ms CreateObjectMapping: 0.092300 ms MarkObjects: 2.843000 ms  DeleteObjects: 0.017700 ms)

AssetImportParameters requested are different than current active one (requested -> active):
  custom:framework-win-MediaFoundation: 216162199b28c13a410421893ffa2e32 -> 
  custom:video-decoder-ogg-theora: a1e56fd34408186e4bbccfd4996cb3dc -> 
  custom:container-muxer-webm: aa71ff27fc2769a1b78a27578f13a17b -> 
  custom:container-demuxer-webm: 4f35f7cbe854078d1ac9338744f61a02 -> 
  custom:container-demuxer-ogg: 62fdf1f143b41e24485cea50d1cbac27 -> 
  custom:video-encoder-webm-vp8: eb34c28f22e8b96e1ab97ce403110664 -> 
  custom:video-decoder-webm-vp8: 9c59270c3fd7afecdb556c50c9e8de78 -> 
  custom:audio-decoder-ogg-vorbis: bf7c407c2cedff20999df2af8eb42d56 -> 
  custom:audio-encoder-webm-vorbis: bf7c407c2cedff20999df2af8eb42d56 -> 
========================================================================
Received Import Request.
  Time since last request: 185.128534 seconds.
  path: Assets/PostProcessing/Level 3.asset
  artifactKey: Guid(fd0b7861d20d71743999a40fdeac2433) Importer(815301076,1909f56bfc062723c751e8b465ee728b)
Start importing Assets/PostProcessing/Level 3.asset using Guid(fd0b7861d20d71743999a40fdeac2433) Importer(815301076,1909f56bfc062723c751e8b465ee728b)  -> (artifact id: '17bb1db19ac0e8a180e99723981180bf') in 0.032099 seconds 
  Import took 0.035060 seconds .

========================================================================
Received Import Request.
  Time since last request: 14.635723 seconds.
  path: Assets/PostProcessing/Level 4.asset
  artifactKey: Guid(3d1d87d21381d674cbacc1fef2151353) Importer(815301076,1909f56bfc062723c751e8b465ee728b)
Start importing Assets/PostProcessing/Level 4.asset using Guid(3d1d87d21381d674cbacc1fef2151353) Importer(815301076,1909f56bfc062723c751e8b465ee728b)  -> (artifact id: '596c53f5bf67778bc9974b2ac2bc2969') in 0.019922 seconds 
  Import took 0.022481 seconds .

========================================================================
Received Import Request.
  Time since last request: 0.498957 seconds.
  path: Assets/PostProcessing/Level 5.asset
  artifactKey: Guid(79a990af26536654b85c53ebe79398ed) Importer(815301076,1909f56bfc062723c751e8b465ee728b)
Start importing Assets/PostProcessing/Level 5.asset using Guid(79a990af26536654b85c53ebe79398ed) Importer(815301076,1909f56bfc062723c751e8b465ee728b)  -> (artifact id: 'a559642f8e606db0574b2cee4fe54d10') in 0.021494 seconds 
  Import took 0.023982 seconds .

========================================================================
Received Import Request.
  Time since last request: 5.910283 seconds.
  path: Assets/PostProcessing/Level 2.asset
  artifactKey: Guid(3d1d87d21381d674cbacc1fef2151353) Importer(815301076,1909f56bfc062723c751e8b465ee728b)
Start importing Assets/PostProcessing/Level 2.asset using Guid(3d1d87d21381d674cbacc1fef2151353) Importer(815301076,1909f56bfc062723c751e8b465ee728b)  -> (artifact id: '9a8c7f20b06a806c61c920b667c3e011') in 0.004323 seconds 
  Import took 0.007092 seconds .

========================================================================
Received Import Request.
  Time since last request: 5.432326 seconds.
  path: Assets/PostProcessing/Level 1.asset
  artifactKey: Guid(79a990af26536654b85c53ebe79398ed) Importer(815301076,1909f56bfc062723c751e8b465ee728b)
Start importing Assets/PostProcessing/Level 1.asset using Guid(79a990af26536654b85c53ebe79398ed) Importer(815301076,1909f56bfc062723c751e8b465ee728b)  -> (artifact id: '846790422f26437ac1f75b1e803ce8f0') in 0.014663 seconds 
  Import took 0.017026 seconds .

========================================================================
Received Import Request.
  Time since last request: 68.291002 seconds.
  path: Assets/PostProcessing/Level 2.asset
  artifactKey: Guid(3d1d87d21381d674cbacc1fef2151353) Importer(815301076,1909f56bfc062723c751e8b465ee728b)
Start importing Assets/PostProcessing/Level 2.asset using Guid(3d1d87d21381d674cbacc1fef2151353) Importer(815301076,1909f56bfc062723c751e8b465ee728b)  -> (artifact id: '927e006868112a0226e949e6f6c05a39') in 0.005851 seconds 
  Import took 0.008692 seconds .

========================================================================
Received Import Request.
  Time since last request: 19.693742 seconds.
  path: Assets/PostProcessing/Level 2.asset
  artifactKey: Guid(3d1d87d21381d674cbacc1fef2151353) Importer(815301076,1909f56bfc062723c751e8b465ee728b)
Start importing Assets/PostProcessing/Level 2.asset using Guid(3d1d87d21381d674cbacc1fef2151353) Importer(815301076,1909f56bfc062723c751e8b465ee728b)  -> (artifact id: '7d528b6cdf77cf4fcff23e00f764fd2c') in 0.004385 seconds 
  Import took 0.007123 seconds .

========================================================================
Received Import Request.
  Time since last request: 0.000245 seconds.
  path: Assets/PostProcessing/Level 3.asset
  artifactKey: Guid(fd0b7861d20d71743999a40fdeac2433) Importer(815301076,1909f56bfc062723c751e8b465ee728b)
Start importing Assets/PostProcessing/Level 3.asset using Guid(fd0b7861d20d71743999a40fdeac2433) Importer(815301076,1909f56bfc062723c751e8b465ee728b)  -> (artifact id: '6addbdfc9fbcf59bdb5ecaf3c4a07e67') in 0.004516 seconds 
  Import took 0.006920 seconds .

========================================================================
Received Import Request.
  Time since last request: 18.521295 seconds.
  path: Assets/PostProcessing/Level 1.asset
  artifactKey: Guid(79a990af26536654b85c53ebe79398ed) Importer(815301076,1909f56bfc062723c751e8b465ee728b)
Start importing Assets/PostProcessing/Level 1.asset using Guid(79a990af26536654b85c53ebe79398ed) Importer(815301076,1909f56bfc062723c751e8b465ee728b)  -> (artifact id: '1fb7136b43ce35229cb95f716badd420') in 0.004467 seconds 
  Import took 0.006992 seconds .

========================================================================
Received Import Request.
  Time since last request: 0.000245 seconds.
  path: Assets/PostProcessing/Level 3.asset
  artifactKey: Guid(fd0b7861d20d71743999a40fdeac2433) Importer(815301076,1909f56bfc062723c751e8b465ee728b)
Start importing Assets/PostProcessing/Level 3.asset using Guid(fd0b7861d20d71743999a40fdeac2433) Importer(815301076,1909f56bfc062723c751e8b465ee728b)  -> (artifact id: '4e30ad5f29aa0e2274280102e717e8e2') in 0.005123 seconds 
  Import took 0.008009 seconds .

========================================================================
Received Import Request.
  Time since last request: 11.682019 seconds.
  path: Assets/PostProcessing/Level 1.asset
  artifactKey: Guid(79a990af26536654b85c53ebe79398ed) Importer(815301076,1909f56bfc062723c751e8b465ee728b)
Start importing Assets/PostProcessing/Level 1.asset using Guid(79a990af26536654b85c53ebe79398ed) Importer(815301076,1909f56bfc062723c751e8b465ee728b)  -> (artifact id: 'a306e8aa3ee3d4fb620b2322223a2ee5') in 0.005508 seconds 
  Import took 0.008067 seconds .

========================================================================
Received Import Request.
  Time since last request: 11.559534 seconds.
  path: Assets/PostProcessing/Level 1.asset
  artifactKey: Guid(79a990af26536654b85c53ebe79398ed) Importer(815301076,1909f56bfc062723c751e8b465ee728b)
Start importing Assets/PostProcessing/Level 1.asset using Guid(79a990af26536654b85c53ebe79398ed) Importer(815301076,1909f56bfc062723c751e8b465ee728b)  -> (artifact id: '3dbdb6d1be684b1c3b60d534abd8bf6e') in 0.005645 seconds 
  Import took 0.008070 seconds .

========================================================================
Received Import Request.
  Time since last request: 0.000212 seconds.
  path: Assets/PostProcessing/Level 2.asset
  artifactKey: Guid(3d1d87d21381d674cbacc1fef2151353) Importer(815301076,1909f56bfc062723c751e8b465ee728b)
Start importing Assets/PostProcessing/Level 2.asset using Guid(3d1d87d21381d674cbacc1fef2151353) Importer(815301076,1909f56bfc062723c751e8b465ee728b)  -> (artifact id: '2faa5181bb26d4a0ab383151b5606b15') in 0.006106 seconds 
  Import took 0.008399 seconds .

========================================================================
Received Prepare
Registering precompiled user dll's ...
Registered in 0.003408 seconds.
Begin MonoManager ReloadAssembly
Native extension for WindowsStandalone target not found
Native extension for WebGL target not found
Refreshing native plugins compatible for Editor in 0.33 ms, found 2 plugins.
Preloading 0 native plugins for Editor in 0.00 ms.
Mono: successfully reloaded assembly
- Completed reload, in  0.816 seconds
Domain Reload Profiling:
	ReloadAssembly (816ms)
		BeginReloadAssembly (102ms)
			ExecutionOrderSort (0ms)
			DisableScriptedObjects (4ms)
			BackupInstance (0ms)
			ReleaseScriptingObjects (0ms)
			CreateAndSetChildDomain (26ms)
		EndReloadAssembly (659ms)
			LoadAssemblies (74ms)
			RebuildTransferFunctionScriptingTraits (0ms)
			SetupTypeCache (229ms)
			ReleaseScriptCaches (1ms)
			RebuildScriptCaches (34ms)
			SetupLoadedEditorAssemblies (243ms)
				LogAssemblyErrors (0ms)
				InitializePlatformSupportModulesInManaged (5ms)
				SetLoadedEditorAssemblies (0ms)
				RefreshPlugins (0ms)
				BeforeProcessingInitializeOnLoad (63ms)
				ProcessInitializeOnLoadAttributes (161ms)
				ProcessInitializeOnLoadMethodAttributes (6ms)
				AfterProcessingInitializeOnLoad (7ms)
				EditorAssembliesLoaded (0ms)
			ExecutionOrderSort2 (0ms)
			AwakeInstancesAfterBackupRestoration (5ms)
Platform modules already initialized, skipping
Refreshing native plugins compatible for Editor in 0.34 ms, found 2 plugins.
Preloading 0 native plugins for Editor in 0.00 ms.
Unloading 1601 Unused Serialized files (Serialized files now loaded: 0)
System memory in use before: 75.3 MB.
System memory in use after: 75.4 MB.

Unloading 14 unused Assets to reduce memory usage. Loaded Objects now: 2083.
Total: 2.102300 ms (FindLiveObjects: 0.117500 ms CreateObjectMapping: 0.044200 ms MarkObjects: 1.927600 ms  DeleteObjects: 0.012300 ms)

AssetImportParameters requested are different than current active one (requested -> active):
  custom:framework-win-MediaFoundation: 216162199b28c13a410421893ffa2e32 -> 
  custom:video-decoder-ogg-theora: a1e56fd34408186e4bbccfd4996cb3dc -> 
  custom:container-muxer-webm: aa71ff27fc2769a1b78a27578f13a17b -> 
  custom:container-demuxer-webm: 4f35f7cbe854078d1ac9338744f61a02 -> 
  custom:container-demuxer-ogg: 62fdf1f143b41e24485cea50d1cbac27 -> 
  custom:video-encoder-webm-vp8: eb34c28f22e8b96e1ab97ce403110664 -> 
  custom:video-decoder-webm-vp8: 9c59270c3fd7afecdb556c50c9e8de78 -> 
  custom:audio-decoder-ogg-vorbis: bf7c407c2cedff20999df2af8eb42d56 -> 
  custom:audio-encoder-webm-vorbis: bf7c407c2cedff20999df2af8eb42d56 -> 
========================================================================
Received Import Request.
  Time since last request: 99.292759 seconds.
  path: Assets/PostProcessing/Level 2.asset
  artifactKey: Guid(3d1d87d21381d674cbacc1fef2151353) Importer(815301076,1909f56bfc062723c751e8b465ee728b)
Start importing Assets/PostProcessing/Level 2.asset using Guid(3d1d87d21381d674cbacc1fef2151353) Importer(815301076,1909f56bfc062723c751e8b465ee728b)  -> (artifact id: '904f7b485f46fa19a307494e9367abf1') in 0.040417 seconds 
  Import took 0.042736 seconds .

========================================================================
Received Import Request.
  Time since last request: 15.299938 seconds.
  path: Assets/PostProcessing/Level 1.asset
  artifactKey: Guid(79a990af26536654b85c53ebe79398ed) Importer(815301076,1909f56bfc062723c751e8b465ee728b)
Start importing Assets/PostProcessing/Level 1.asset using Guid(79a990af26536654b85c53ebe79398ed) Importer(815301076,1909f56bfc062723c751e8b465ee728b)  -> (artifact id: 'bd0d5d16a127475b9d56017e9ae423c2') in 0.005058 seconds 
  Import took 0.007740 seconds .

========================================================================
Received Import Request.
  Time since last request: 0.000239 seconds.
  path: Assets/PostProcessing/Level 2.asset
  artifactKey: Guid(3d1d87d21381d674cbacc1fef2151353) Importer(815301076,1909f56bfc062723c751e8b465ee728b)
Start importing Assets/PostProcessing/Level 2.asset using Guid(3d1d87d21381d674cbacc1fef2151353) Importer(815301076,1909f56bfc062723c751e8b465ee728b)  -> (artifact id: 'ee701a67ccb8e0c0c293180d32bc4057') in 0.005180 seconds 
  Import took 0.007496 seconds .

========================================================================
Received Import Request.
  Time since last request: 5.285437 seconds.
  path: Assets/PostProcessing/Level 1.asset
  artifactKey: Guid(79a990af26536654b85c53ebe79398ed) Importer(815301076,1909f56bfc062723c751e8b465ee728b)
Start importing Assets/PostProcessing/Level 1.asset using Guid(79a990af26536654b85c53ebe79398ed) Importer(815301076,1909f56bfc062723c751e8b465ee728b)  -> (artifact id: '3ac10262b83edee7fa9233a74a1191b1') in 0.005228 seconds 
  Import took 0.008089 seconds .

========================================================================
Received Import Request.
  Time since last request: 22.289236 seconds.
  path: Assets/PostProcessing/Level 1.asset
  artifactKey: Guid(79a990af26536654b85c53ebe79398ed) Importer(815301076,1909f56bfc062723c751e8b465ee728b)
Start importing Assets/PostProcessing/Level 1.asset using Guid(79a990af26536654b85c53ebe79398ed) Importer(815301076,1909f56bfc062723c751e8b465ee728b)  -> (artifact id: 'add4afbd175863ec6dcfa75ab207a6d2') in 0.004208 seconds 
  Import took 0.006876 seconds .

========================================================================
Received Import Request.
  Time since last request: 0.000216 seconds.
  path: Assets/PostProcessing/Level 2.asset
  artifactKey: Guid(3d1d87d21381d674cbacc1fef2151353) Importer(815301076,1909f56bfc062723c751e8b465ee728b)
Start importing Assets/PostProcessing/Level 2.asset using Guid(3d1d87d21381d674cbacc1fef2151353) Importer(815301076,1909f56bfc062723c751e8b465ee728b)  -> (artifact id: 'e64abf88a39dc0514973ccf90db41d46') in 0.005383 seconds 
  Import took 0.007795 seconds .

========================================================================
Received Import Request.
  Time since last request: 2.508347 seconds.
  path: Assets/PostProcessing/Level 2.asset
  artifactKey: Guid(3d1d87d21381d674cbacc1fef2151353) Importer(815301076,1909f56bfc062723c751e8b465ee728b)
Start importing Assets/PostProcessing/Level 2.asset using Guid(3d1d87d21381d674cbacc1fef2151353) Importer(815301076,1909f56bfc062723c751e8b465ee728b)  -> (artifact id: 'ffbec657ce2f8a45bf80b4ae8e292b18') in 0.006674 seconds 
  Import took 0.009482 seconds .

========================================================================
Received Import Request.
  Time since last request: 23.470736 seconds.
  path: Assets/PostProcessing/Level 3.asset
  artifactKey: Guid(fd0b7861d20d71743999a40fdeac2433) Importer(815301076,1909f56bfc062723c751e8b465ee728b)
Start importing Assets/PostProcessing/Level 3.asset using Guid(fd0b7861d20d71743999a40fdeac2433) Importer(815301076,1909f56bfc062723c751e8b465ee728b)  -> (artifact id: 'ed1496aba8ba06a1949140e2bdc406dc') in 0.014248 seconds 
  Import took 0.017114 seconds .

========================================================================
Received Import Request.
  Time since last request: 7.429806 seconds.
  path: Assets/PostProcessing/Level 3.asset
  artifactKey: Guid(fd0b7861d20d71743999a40fdeac2433) Importer(815301076,1909f56bfc062723c751e8b465ee728b)
Start importing Assets/PostProcessing/Level 3.asset using Guid(fd0b7861d20d71743999a40fdeac2433) Importer(815301076,1909f56bfc062723c751e8b465ee728b)  -> (artifact id: 'ecad04183fedd55d1a2ffadd4506ca9c') in 0.004925 seconds 
  Import took 0.007577 seconds .

========================================================================
Received Import Request.
  Time since last request: 2.840063 seconds.
  path: Assets/Scenes/Level 1.unity
  artifactKey: Guid(185440cdb48f7b040b346a9792628198) Importer(815301076,1909f56bfc062723c751e8b465ee728b)
Start importing Assets/Scenes/Level 1.unity using Guid(185440cdb48f7b040b346a9792628198) Importer(815301076,1909f56bfc062723c751e8b465ee728b)  -> (artifact id: '602b418331b8581091f01dd3e4fc57b8') in 0.006749 seconds 
  Import took 0.009106 seconds .

========================================================================
Received Import Request.
  Time since last request: 81.040750 seconds.
  path: Assets/Materials/New Material.mat
  artifactKey: Guid(227714c10c9735d4bbed3a6f1bd6dbbb) Importer(815301076,1909f56bfc062723c751e8b465ee728b)
Start importing Assets/Materials/New Material.mat using Guid(227714c10c9735d4bbed3a6f1bd6dbbb) Importer(815301076,1909f56bfc062723c751e8b465ee728b)  -> (artifact id: '27dbe4f67593a9906ea59c5f165964c5') in 0.084449 seconds 
  Import took 0.087047 seconds .

========================================================================
Received Import Request.
  Time since last request: 37.841462 seconds.
  path: Assets/Materials/New Material.mat
  artifactKey: Guid(227714c10c9735d4bbed3a6f1bd6dbbb) Importer(815301076,1909f56bfc062723c751e8b465ee728b)
Start importing Assets/Materials/New Material.mat using Guid(227714c10c9735d4bbed3a6f1bd6dbbb) Importer(815301076,1909f56bfc062723c751e8b465ee728b)  -> (artifact id: 'ce16d762bfbc003f71e20f3f92e26655') in 0.014483 seconds 
  Import took 0.017920 seconds .

========================================================================
Received Import Request.
  Time since last request: 60.663317 seconds.
  path: Assets/Materials/New Material.mat
  artifactKey: Guid(227714c10c9735d4bbed3a6f1bd6dbbb) Importer(815301076,1909f56bfc062723c751e8b465ee728b)
Start importing Assets/Materials/New Material.mat using Guid(227714c10c9735d4bbed3a6f1bd6dbbb) Importer(815301076,1909f56bfc062723c751e8b465ee728b)  -> (artifact id: '95ef599b6951c0e60777ff2cf2bbe568') in 0.018311 seconds 
  Import took 0.020792 seconds .

========================================================================
Received Import Request.
  Time since last request: 113.817191 seconds.
  path: Assets/Scenes/Level 2.unity
  artifactKey: Guid(754391b1bc7be234e8dd8d4f9322e0a9) Importer(815301076,1909f56bfc062723c751e8b465ee728b)
Start importing Assets/Scenes/Level 2.unity using Guid(754391b1bc7be234e8dd8d4f9322e0a9) Importer(815301076,1909f56bfc062723c751e8b465ee728b)  -> (artifact id: '671effda0601f53a23ccf947ab0d091e') in 0.005032 seconds 
  Import took 0.007828 seconds .

========================================================================
Received Import Request.
  Time since last request: 32.873354 seconds.
  path: Assets/Scenes/Level 3.unity
  artifactKey: Guid(d728e8e4df589344aad8628ab947d6a6) Importer(815301076,1909f56bfc062723c751e8b465ee728b)
Start importing Assets/Scenes/Level 3.unity using Guid(d728e8e4df589344aad8628ab947d6a6) Importer(815301076,1909f56bfc062723c751e8b465ee728b)  -> (artifact id: 'dd21b8e3677ae49432027836317ea825') in 0.011024 seconds 
  Import took 0.013711 seconds .

========================================================================
Received Import Request.
  Time since last request: 37.885989 seconds.
  path: Assets/Scenes/Level 2.unity
  artifactKey: Guid(754391b1bc7be234e8dd8d4f9322e0a9) Importer(815301076,1909f56bfc062723c751e8b465ee728b)
Start importing Assets/Scenes/Level 2.unity using Guid(754391b1bc7be234e8dd8d4f9322e0a9) Importer(815301076,1909f56bfc062723c751e8b465ee728b)  -> (artifact id: '8c096cf9e929f069ee0ab22285980f9e') in 0.004565 seconds 
  Import took 0.007628 seconds .

========================================================================
Received Import Request.
  Time since last request: 9.038982 seconds.
  path: Assets/Scenes/Level 1.unity
  artifactKey: Guid(185440cdb48f7b040b346a9792628198) Importer(815301076,1909f56bfc062723c751e8b465ee728b)
Start importing Assets/Scenes/Level 1.unity using Guid(185440cdb48f7b040b346a9792628198) Importer(815301076,1909f56bfc062723c751e8b465ee728b)  -> (artifact id: '90c6c34c6a83d47cf2c5ea0872dc46c9') in 0.015406 seconds 
  Import took 0.017719 seconds .

========================================================================
Received Prepare
Registering precompiled user dll's ...
Registered in 0.003142 seconds.
Begin MonoManager ReloadAssembly
Native extension for WindowsStandalone target not found
Native extension for WebGL target not found
Refreshing native plugins compatible for Editor in 0.32 ms, found 2 plugins.
Preloading 0 native plugins for Editor in 0.00 ms.
Mono: successfully reloaded assembly
- Completed reload, in  0.790 seconds
Domain Reload Profiling:
	ReloadAssembly (791ms)
		BeginReloadAssembly (101ms)
			ExecutionOrderSort (0ms)
			DisableScriptedObjects (3ms)
			BackupInstance (0ms)
			ReleaseScriptingObjects (0ms)
			CreateAndSetChildDomain (26ms)
		EndReloadAssembly (638ms)
			LoadAssemblies (69ms)
			RebuildTransferFunctionScriptingTraits (0ms)
			SetupTypeCache (222ms)
			ReleaseScriptCaches (1ms)
			RebuildScriptCaches (31ms)
			SetupLoadedEditorAssemblies (235ms)
				LogAssemblyErrors (0ms)
				InitializePlatformSupportModulesInManaged (5ms)
				SetLoadedEditorAssemblies (0ms)
				RefreshPlugins (0ms)
				BeforeProcessingInitializeOnLoad (64ms)
				ProcessInitializeOnLoadAttributes (152ms)
				ProcessInitializeOnLoadMethodAttributes (6ms)
				AfterProcessingInitializeOnLoad (7ms)
				EditorAssembliesLoaded (0ms)
			ExecutionOrderSort2 (0ms)
			AwakeInstancesAfterBackupRestoration (5ms)
Platform modules already initialized, skipping
Refreshing native plugins compatible for Editor in 0.34 ms, found 2 plugins.
Preloading 0 native plugins for Editor in 0.00 ms.
Unloading 1601 Unused Serialized files (Serialized files now loaded: 0)
System memory in use before: 78.7 MB.
System memory in use after: 78.8 MB.

Unloading 14 unused Assets to reduce memory usage. Loaded Objects now: 2125.
Total: 2.203800 ms (FindLiveObjects: 0.139700 ms CreateObjectMapping: 0.057200 ms MarkObjects: 1.993500 ms  DeleteObjects: 0.012600 ms)

AssetImportParameters requested are different than current active one (requested -> active):
  custom:framework-win-MediaFoundation: 216162199b28c13a410421893ffa2e32 -> 
  custom:video-decoder-ogg-theora: a1e56fd34408186e4bbccfd4996cb3dc -> 
  custom:container-muxer-webm: aa71ff27fc2769a1b78a27578f13a17b -> 
  custom:container-demuxer-webm: 4f35f7cbe854078d1ac9338744f61a02 -> 
  custom:container-demuxer-ogg: 62fdf1f143b41e24485cea50d1cbac27 -> 
  custom:video-encoder-webm-vp8: eb34c28f22e8b96e1ab97ce403110664 -> 
  custom:video-decoder-webm-vp8: 9c59270c3fd7afecdb556c50c9e8de78 -> 
  custom:audio-decoder-ogg-vorbis: bf7c407c2cedff20999df2af8eb42d56 -> 
  custom:audio-encoder-webm-vorbis: bf7c407c2cedff20999df2af8eb42d56 -> 
========================================================================
Received Import Request.
  Time since last request: 103.424406 seconds.
  path: Assets/Scenes/Credits.unity
  artifactKey: Guid(a5c577e1e6b4f4441938053ef1540140) Importer(815301076,1909f56bfc062723c751e8b465ee728b)
Start importing Assets/Scenes/Credits.unity using Guid(a5c577e1e6b4f4441938053ef1540140) Importer(815301076,1909f56bfc062723c751e8b465ee728b)  -> (artifact id: '2c00a61bb879de739f3b1b1bf08e188c') in 0.021656 seconds 
  Import took 0.024293 seconds .

========================================================================
Received Import Request.
  Time since last request: 0.887491 seconds.
  path: Assets/Scenes/Menu.unity
  artifactKey: Guid(5de3a16284fd4eb40a5e2381508e5a9d) Importer(815301076,1909f56bfc062723c751e8b465ee728b)
Start importing Assets/Scenes/Menu.unity using Guid(5de3a16284fd4eb40a5e2381508e5a9d) Importer(815301076,1909f56bfc062723c751e8b465ee728b)  -> (artifact id: '1d92f92c9cebeecf7eebbaa7e7415529') in 0.006704 seconds 
  Import took 0.009445 seconds .

========================================================================
Received Prepare
Registering precompiled user dll's ...
Registered in 0.004342 seconds.
Begin MonoManager ReloadAssembly
Native extension for WindowsStandalone target not found
Native extension for WebGL target not found
Refreshing native plugins compatible for Editor in 0.56 ms, found 2 plugins.
Preloading 0 native plugins for Editor in 0.00 ms.
Mono: successfully reloaded assembly
- Completed reload, in  0.875 seconds
Domain Reload Profiling:
	ReloadAssembly (876ms)
		BeginReloadAssembly (90ms)
			ExecutionOrderSort (0ms)
			DisableScriptedObjects (4ms)
			BackupInstance (0ms)
			ReleaseScriptingObjects (0ms)
			CreateAndSetChildDomain (24ms)
		EndReloadAssembly (735ms)
			LoadAssemblies (73ms)
			RebuildTransferFunctionScriptingTraits (0ms)
			SetupTypeCache (227ms)
			ReleaseScriptCaches (1ms)
			RebuildScriptCaches (56ms)
			SetupLoadedEditorAssemblies (275ms)
				LogAssemblyErrors (0ms)
				InitializePlatformSupportModulesInManaged (7ms)
				SetLoadedEditorAssemblies (1ms)
				RefreshPlugins (1ms)
				BeforeProcessingInitializeOnLoad (84ms)
				ProcessInitializeOnLoadAttributes (167ms)
				ProcessInitializeOnLoadMethodAttributes (7ms)
				AfterProcessingInitializeOnLoad (7ms)
				EditorAssembliesLoaded (0ms)
			ExecutionOrderSort2 (0ms)
			AwakeInstancesAfterBackupRestoration (6ms)
Platform modules already initialized, skipping
Refreshing native plugins compatible for Editor in 0.35 ms, found 2 plugins.
Preloading 0 native plugins for Editor in 0.00 ms.
Unloading 1601 Unused Serialized files (Serialized files now loaded: 0)
System memory in use before: 78.7 MB.
System memory in use after: 78.8 MB.

Unloading 14 unused Assets to reduce memory usage. Loaded Objects now: 2127.
Total: 2.803200 ms (FindLiveObjects: 0.127200 ms CreateObjectMapping: 0.049200 ms MarkObjects: 2.591400 ms  DeleteObjects: 0.034300 ms)

AssetImportParameters requested are different than current active one (requested -> active):
  custom:framework-win-MediaFoundation: 216162199b28c13a410421893ffa2e32 -> 
  custom:video-decoder-ogg-theora: a1e56fd34408186e4bbccfd4996cb3dc -> 
  custom:container-muxer-webm: aa71ff27fc2769a1b78a27578f13a17b -> 
  custom:container-demuxer-webm: 4f35f7cbe854078d1ac9338744f61a02 -> 
  custom:container-demuxer-ogg: 62fdf1f143b41e24485cea50d1cbac27 -> 
  custom:video-encoder-webm-vp8: eb34c28f22e8b96e1ab97ce403110664 -> 
  custom:video-decoder-webm-vp8: 9c59270c3fd7afecdb556c50c9e8de78 -> 
  custom:audio-decoder-ogg-vorbis: bf7c407c2cedff20999df2af8eb42d56 -> 
  custom:audio-encoder-webm-vorbis: bf7c407c2cedff20999df2af8eb42d56 -> 
========================================================================
Received Import Request.
  Time since last request: 94.061309 seconds.
  path: Assets/Scenes/Level 2.unity
  artifactKey: Guid(754391b1bc7be234e8dd8d4f9322e0a9) Importer(815301076,1909f56bfc062723c751e8b465ee728b)
Start importing Assets/Scenes/Level 2.unity using Guid(754391b1bc7be234e8dd8d4f9322e0a9) Importer(815301076,1909f56bfc062723c751e8b465ee728b)  -> (artifact id: '9fa18454526de438779a0aad96db9fa1') in 0.015518 seconds 
  Import took 0.018224 seconds .

========================================================================
Received Import Request.
  Time since last request: 6.404391 seconds.
  path: Assets/Scenes/Level 3.unity
  artifactKey: Guid(d728e8e4df589344aad8628ab947d6a6) Importer(815301076,1909f56bfc062723c751e8b465ee728b)
Start importing Assets/Scenes/Level 3.unity using Guid(d728e8e4df589344aad8628ab947d6a6) Importer(815301076,1909f56bfc062723c751e8b465ee728b)  -> (artifact id: '1b4747e1e2efc1da6a17e6cb40bdae0a') in 0.004900 seconds 
  Import took 0.007668 seconds .

========================================================================
Received Prepare
Refreshing native plugins compatible for Editor in 2.72 ms, found 2 plugins.
Preloading 0 native plugins for Editor in 0.00 ms.
Unloading 12 Unused Serialized files (Serialized files now loaded: 0)
System memory in use before: 47.3 MB.
System memory in use after: 47.4 MB.

Unloading 12 unused Assets to reduce memory usage. Loaded Objects now: 2127.
Total: 2.713400 ms (FindLiveObjects: 0.135000 ms CreateObjectMapping: 0.052600 ms MarkObjects: 2.514300 ms  DeleteObjects: 0.010800 ms)

AssetImportParameters requested are different than current active one (requested -> active):
  custom:framework-win-MediaFoundation: 216162199b28c13a410421893ffa2e32 -> 
  custom:video-decoder-ogg-theora: a1e56fd34408186e4bbccfd4996cb3dc -> 
  custom:container-muxer-webm: aa71ff27fc2769a1b78a27578f13a17b -> 
  custom:container-demuxer-webm: 4f35f7cbe854078d1ac9338744f61a02 -> 
  custom:container-demuxer-ogg: 62fdf1f143b41e24485cea50d1cbac27 -> 
  custom:video-encoder-webm-vp8: eb34c28f22e8b96e1ab97ce403110664 -> 
  custom:video-decoder-webm-vp8: 9c59270c3fd7afecdb556c50c9e8de78 -> 
  custom:audio-decoder-ogg-vorbis: bf7c407c2cedff20999df2af8eb42d56 -> 
  custom:audio-encoder-webm-vorbis: bf7c407c2cedff20999df2af8eb42d56 -> 
========================================================================
Received Prepare
Registering precompiled user dll's ...
Registered in 0.003102 seconds.
Begin MonoManager ReloadAssembly
Native extension for WindowsStandalone target not found
Native extension for WebGL target not found
Refreshing native plugins compatible for Editor in 0.31 ms, found 2 plugins.
Preloading 0 native plugins for Editor in 0.00 ms.
Mono: successfully reloaded assembly
- Completed reload, in  0.758 seconds
Domain Reload Profiling:
	ReloadAssembly (759ms)
		BeginReloadAssembly (89ms)
			ExecutionOrderSort (0ms)
			DisableScriptedObjects (4ms)
			BackupInstance (0ms)
			ReleaseScriptingObjects (0ms)
			CreateAndSetChildDomain (25ms)
		EndReloadAssembly (619ms)
			LoadAssemblies (69ms)
			RebuildTransferFunctionScriptingTraits (0ms)
			SetupTypeCache (221ms)
			ReleaseScriptCaches (1ms)
			RebuildScriptCaches (30ms)
			SetupLoadedEditorAssemblies (227ms)
				LogAssemblyErrors (0ms)
				InitializePlatformSupportModulesInManaged (4ms)
				SetLoadedEditorAssemblies (0ms)
				RefreshPlugins (0ms)
				BeforeProcessingInitializeOnLoad (59ms)
				ProcessInitializeOnLoadAttributes (150ms)
				ProcessInitializeOnLoadMethodAttributes (6ms)
				AfterProcessingInitializeOnLoad (7ms)
				EditorAssembliesLoaded (0ms)
			ExecutionOrderSort2 (0ms)
			AwakeInstancesAfterBackupRestoration (5ms)
Platform modules already initialized, skipping
Refreshing native plugins compatible for Editor in 0.34 ms, found 2 plugins.
Preloading 0 native plugins for Editor in 0.00 ms.
Unloading 1601 Unused Serialized files (Serialized files now loaded: 0)
System memory in use before: 78.7 MB.
System memory in use after: 78.8 MB.

Unloading 14 unused Assets to reduce memory usage. Loaded Objects now: 2129.
Total: 2.357100 ms (FindLiveObjects: 0.114300 ms CreateObjectMapping: 0.045500 ms MarkObjects: 2.182900 ms  DeleteObjects: 0.013700 ms)

AssetImportParameters requested are different than current active one (requested -> active):
  custom:framework-win-MediaFoundation: 216162199b28c13a410421893ffa2e32 -> 
  custom:video-decoder-ogg-theora: a1e56fd34408186e4bbccfd4996cb3dc -> 
  custom:container-muxer-webm: aa71ff27fc2769a1b78a27578f13a17b -> 
  custom:container-demuxer-webm: 4f35f7cbe854078d1ac9338744f61a02 -> 
  custom:container-demuxer-ogg: 62fdf1f143b41e24485cea50d1cbac27 -> 
  custom:video-encoder-webm-vp8: eb34c28f22e8b96e1ab97ce403110664 -> 
  custom:video-decoder-webm-vp8: 9c59270c3fd7afecdb556c50c9e8de78 -> 
  custom:audio-decoder-ogg-vorbis: bf7c407c2cedff20999df2af8eb42d56 -> 
  custom:audio-encoder-webm-vorbis: bf7c407c2cedff20999df2af8eb42d56 -> 
========================================================================
Received Prepare
Registering precompiled user dll's ...
Registered in 0.004131 seconds.
Begin MonoManager ReloadAssembly
Native extension for WindowsStandalone target not found
Native extension for WebGL target not found
Refreshing native plugins compatible for Editor in 0.32 ms, found 2 plugins.
Preloading 0 native plugins for Editor in 0.00 ms.
Mono: successfully reloaded assembly
- Completed reload, in  0.798 seconds
Domain Reload Profiling:
	ReloadAssembly (799ms)
		BeginReloadAssembly (100ms)
			ExecutionOrderSort (0ms)
			DisableScriptedObjects (4ms)
			BackupInstance (0ms)
			ReleaseScriptingObjects (0ms)
			CreateAndSetChildDomain (24ms)
		EndReloadAssembly (643ms)
			LoadAssemblies (73ms)
			RebuildTransferFunctionScriptingTraits (0ms)
			SetupTypeCache (234ms)
			ReleaseScriptCaches (1ms)
			RebuildScriptCaches (30ms)
			SetupLoadedEditorAssemblies (229ms)
				LogAssemblyErrors (0ms)
				InitializePlatformSupportModulesInManaged (5ms)
				SetLoadedEditorAssemblies (0ms)
				RefreshPlugins (0ms)
				BeforeProcessingInitializeOnLoad (60ms)
				ProcessInitializeOnLoadAttributes (150ms)
				ProcessInitializeOnLoadMethodAttributes (6ms)
				AfterProcessingInitializeOnLoad (8ms)
				EditorAssembliesLoaded (0ms)
			ExecutionOrderSort2 (0ms)
			AwakeInstancesAfterBackupRestoration (5ms)
Platform modules already initialized, skipping
Refreshing native plugins compatible for Editor in 0.33 ms, found 2 plugins.
Preloading 0 native plugins for Editor in 0.00 ms.
Unloading 1601 Unused Serialized files (Serialized files now loaded: 0)
System memory in use before: 78.7 MB.
System memory in use after: 78.8 MB.

Unloading 14 unused Assets to reduce memory usage. Loaded Objects now: 2131.
Total: 2.376600 ms (FindLiveObjects: 0.130400 ms CreateObjectMapping: 0.051500 ms MarkObjects: 2.181200 ms  DeleteObjects: 0.012400 ms)

AssetImportParameters requested are different than current active one (requested -> active):
  custom:framework-win-MediaFoundation: 216162199b28c13a410421893ffa2e32 -> 
  custom:video-decoder-ogg-theora: a1e56fd34408186e4bbccfd4996cb3dc -> 
  custom:container-muxer-webm: aa71ff27fc2769a1b78a27578f13a17b -> 
  custom:container-demuxer-webm: 4f35f7cbe854078d1ac9338744f61a02 -> 
  custom:container-demuxer-ogg: 62fdf1f143b41e24485cea50d1cbac27 -> 
  custom:video-encoder-webm-vp8: eb34c28f22e8b96e1ab97ce403110664 -> 
  custom:video-decoder-webm-vp8: 9c59270c3fd7afecdb556c50c9e8de78 -> 
  custom:audio-decoder-ogg-vorbis: bf7c407c2cedff20999df2af8eb42d56 -> 
  custom:audio-encoder-webm-vorbis: bf7c407c2cedff20999df2af8eb42d56 -> 
AssetImportWorkerClient::OnTransportError - code=2 error=End of file
